<?xml version="1.0" encoding="UTF-8"?>
<!-- Generated by org.testng.reporters.JUnitReportReporter -->
<testsuite hostname="Rahul-Tech" failures="0" tests="1" name="product.CreateProduct" time="12.173" errors="0" timestamp="2023-10-01T09:17:14 IST" skipped="0">
  <testcase classname="product.CreateProduct" name="CreateProduct" time="12.173"/>
</testsuite> <!-- product.CreateProduct -->
