<?xml version="1.0" encoding="UTF-8"?>
<!-- Generated by org.testng.reporters.JUnitReportReporter -->
<testsuite hostname="Rahul-Tech" failures="0" tests="1" name="organization.CreateOrganizationTest" time="14.907" errors="0" timestamp="2023-10-01T09:17:14 IST" skipped="0">
  <testcase classname="organization.CreateOrganizationTest" name="CreateOrganizationTest" time="14.907"/>
</testsuite> <!-- organization.CreateOrganizationTest -->
