<?xml version="1.0" encoding="UTF-8"?>
<!-- Generated by org.testng.reporters.JUnitReportReporter -->
<testsuite hostname="Rahul-Tech" failures="0" tests="1" name="product.CreateProductAndDeleteProduct" time="21.250" errors="0" timestamp="2023-10-01T10:14:25 IST" skipped="0">
  <testcase classname="product.CreateProductAndDeleteProduct" name="CreateProductAndDeleteProduct" time="21.250"/>
</testsuite> <!-- product.CreateProductAndDeleteProduct -->
