<?xml version="1.0" encoding="UTF-8"?>
<!-- Generated by org.testng.reporters.JUnitReportReporter -->
<testsuite hostname="Rahul-Tech" failures="0" tests="1" name="campaigns.CreateCampaign" time="32.720" errors="0" timestamp="2023-10-01T09:17:14 IST" skipped="0">
  <testcase classname="campaigns.CreateCampaign" name="CreateCampaign" time="32.720"/>
</testsuite> <!-- campaigns.CreateCampaign -->
